<?xml version="1.0" encoding="UTF-8"?>
<!-- Generated by org.testng.reporters.JUnitXMLReporter -->
<testsuite hostname="Acehole" ignored="0" name="Default test" tests="4" failures="0" timestamp="11 Jan 2019 21:46:43 GMT" time="0.053" errors="0">
  <testcase name="Login" time="0.009" classname="testCases.ThirdDummyTest"/>
  <testcase name="LoginAPICarLoan" time="0.003" classname="testCases.ThirdDummyTest"/>
  <testcase name="MobileLoginCarLoan" time="0.006" classname="testCases.ThirdDummyTest"/>
  <testcase name="WebLoginCarLone" time="0.004" classname="testCases.ThirdDummyTest"/>
</testsuite> <!-- Default test -->
