<?xml version="1.0" encoding="UTF-8"?>
<!-- Generated by org.testng.reporters.JUnitXMLReporter -->
<testsuite hostname="Acehole" ignored="1" name="Default test" tests="5" failures="0" timestamp="09 Jan 2019 18:11:44 GMT" time="0.039" errors="0">
  <testcase name="MobileLoginHomeLoan" time="0.007" classname="testCases.FourthDummyTest"/>
  <testcase name="MobileLoginHomeLoan2" time="0.002" classname="testCases.FourthDummyTest"/>
  <testcase name="MobileLogoutHomeLoan" time="0.002" classname="testCases.FourthDummyTest"/>
  <testcase name="MobileLogoutHomeLoan2" time="0.001" classname="testCases.FourthDummyTest"/>
  <testcase name="WebLoginHomeLone" time="0.002" classname="testCases.FourthDummyTest"/>
  <testcase name="LoginAPIHomeLoan" time="0.0" classname="testCases.FourthDummyTest">
    <ignored/>
  </testcase> <!-- LoginAPIHomeLoan -->
</testsuite> <!-- Default test -->
