<?xml version="1.0" encoding="UTF-8"?>
<!-- Generated by org.testng.reporters.JUnitXMLReporter -->
<testsuite hostname="Acehole" ignored="1" name="CarLoanModule" tests="2" failures="0" timestamp="08 Jan 2019 18:21:56 GMT" time="0.005" errors="0">
  <testcase name="LoginAPICarLoan" time="0.001" classname="testCases.ThirdDummyTest"/>
  <testcase name="WebLoginCarLone" time="0.001" classname="testCases.ThirdDummyTest"/>
  <testcase name="MobileLoginCarLoan" time="0.0" classname="testCases.ThirdDummyTest">
    <ignored/>
  </testcase> <!-- MobileLoginCarLoan -->
</testsuite> <!-- CarLoanModule -->
