<?xml version="1.0" encoding="UTF-8"?>
<!-- Generated by org.testng.reporters.JUnitXMLReporter -->
<testsuite hostname="Acehole" ignored="0" name="FirstTestModule" tests="12" failures="0" timestamp="08 Jan 2019 18:28:19 GMT" time="0.06" errors="0">
  <testcase name="Demo" time="0.011" classname="testCases.firstTestCase"/>
  <testcase name="SecondTest" time="0.001" classname="testCases.firstTestCase"/>
  <testcase name="LoginAPIHomeLoan" time="0.001" classname="testCases.FourthDummyTest"/>
  <testcase name="MobileLoginHomeLoan" time="0.001" classname="testCases.FourthDummyTest"/>
  <testcase name="MobileLoginHomeLoan2" time="0.002" classname="testCases.FourthDummyTest"/>
  <testcase name="MobileLogoutHomeLoan" time="0.001" classname="testCases.FourthDummyTest"/>
  <testcase name="MobileLogoutHomeLoan2" time="0.001" classname="testCases.FourthDummyTest"/>
  <testcase name="WebLoginHomeLone" time="0.001" classname="testCases.FourthDummyTest"/>
  <testcase name="testCase" time="0.001" classname="testCases.SecondDummyTest"/>
  <testcase name="LoginAPICarLoan" time="0.001" classname="testCases.ThirdDummyTest"/>
  <testcase name="MobileLoginCarLoan" time="0.0" classname="testCases.ThirdDummyTest"/>
  <testcase name="WebLoginCarLone" time="0.001" classname="testCases.ThirdDummyTest"/>
</testsuite> <!-- FirstTestModule -->
