<?xml version="1.0" encoding="UTF-8"?>
<!-- Generated by org.testng.reporters.JUnitXMLReporter -->
<testsuite hostname="Acehole" ignored="0" name="FirstTestModule" tests="3" failures="0" timestamp="06 Jan 2019 02:43:00 GMT" time="0.042" errors="0">
  <testcase name="Demo" time="0.011" classname="testCases.firstTestCase"/>
  <testcase name="SecondTest" time="0.001" classname="testCases.firstTestCase"/>
  <testcase name="testCase" time="0.001" classname="testCases.SecondDummyTest"/>
</testsuite> <!-- FirstTestModule -->
