<?xml version="1.0" encoding="UTF-8"?>
<!-- Generated by org.testng.reporters.JUnitXMLReporter -->
<testsuite hostname="Acehole" ignored="8" name="Regression" tests="4" failures="0" timestamp="09 Jan 2019 17:53:00 GMT" time="0.054" errors="0">
  <testcase name="testCase" time="0.009" classname="testCases.SecondDummyTest"/>
  <testcase name="LoginAPICarLoan" time="0.003" classname="testCases.ThirdDummyTest"/>
  <testcase name="WebLoginCarLone" time="0.004" classname="testCases.ThirdDummyTest"/>
  <testcase name="MobileLogoutHomeLoan" time="0.003" classname="testCases.FourthDummyTest"/>
  <testcase name="MobileLogoutHomeLoan2" time="0.0" classname="testCases.FourthDummyTest">
    <ignored/>
  </testcase> <!-- MobileLogoutHomeLoan2 -->
  <testcase name="MobileLoginHomeLoan" time="0.0" classname="testCases.FourthDummyTest">
    <ignored/>
  </testcase> <!-- MobileLoginHomeLoan -->
  <testcase name="WebLoginHomeLone" time="0.0" classname="testCases.FourthDummyTest">
    <ignored/>
  </testcase> <!-- WebLoginHomeLone -->
  <testcase name="LoginAPIHomeLoan" time="0.0" classname="testCases.FourthDummyTest">
    <ignored/>
  </testcase> <!-- LoginAPIHomeLoan -->
  <testcase name="Demo" time="0.0" classname="testCases.firstTestCase">
    <ignored/>
  </testcase> <!-- Demo -->
  <testcase name="MobileLoginHomeLoan2" time="0.0" classname="testCases.FourthDummyTest">
    <ignored/>
  </testcase> <!-- MobileLoginHomeLoan2 -->
  <testcase name="SecondTest" time="0.0" classname="testCases.firstTestCase">
    <ignored/>
  </testcase> <!-- SecondTest -->
  <testcase name="MobileLoginCarLoan" time="0.0" classname="testCases.ThirdDummyTest">
    <ignored/>
  </testcase> <!-- MobileLoginCarLoan -->
</testsuite> <!-- Regression -->
