<?xml version="1.0" encoding="UTF-8"?>
<testng-results skipped="0" failed="0" ignored="0" total="2" passed="2">
  <reporter-output>
  </reporter-output>
  <suite name="Default suite" duration-ms="10153" started-at="2019-01-11T22:15:43Z" finished-at="2019-01-11T22:15:53Z">
    <groups>
    </groups>
    <test name="Default test" duration-ms="10153" started-at="2019-01-11T22:15:43Z" finished-at="2019-01-11T22:15:53Z">
      <class name="testCases.FifthTestCase">
        <test-method status="PASS" signature="OpeningBrowser()[pri:0, instance:testCases.FifthTestCase@215be6bb]" name="OpeningBrowser" duration-ms="5413" started-at="2019-01-11T22:15:43Z" finished-at="2019-01-11T22:15:48Z">
          <reporter-output>
          </reporter-output>
        </test-method> <!-- OpeningBrowser -->
        <test-method status="PASS" signature="Login()[pri:0, instance:testCases.FifthTestCase@215be6bb]" name="Login" duration-ms="4719" started-at="2019-01-11T22:15:48Z" finished-at="2019-01-11T22:15:53Z">
          <reporter-output>
          </reporter-output>
        </test-method> <!-- Login -->
      </class> <!-- testCases.FifthTestCase -->
    </test> <!-- Default test -->
  </suite> <!-- Default suite -->
</testng-results>
