<?xml version="1.0" encoding="UTF-8"?>
<testng-results skipped="0" failed="0" ignored="0" total="4" passed="4">
  <reporter-output>
  </reporter-output>
  <suite name="Default suite" duration-ms="53" started-at="2019-01-11T21:46:43Z" finished-at="2019-01-11T21:46:43Z">
    <groups>
      <group name="Smoke">
        <method signature="ThirdDummyTest.LoginAPICarLoan()[pri:0, instance:testCases.ThirdDummyTest@573f2bb1]" name="LoginAPICarLoan" class="testCases.ThirdDummyTest"/>
        <method signature="ThirdDummyTest.WebLoginCarLone()[pri:0, instance:testCases.ThirdDummyTest@573f2bb1]" name="WebLoginCarLone" class="testCases.ThirdDummyTest"/>
      </group> <!-- Smoke -->
    </groups>
    <test name="Default test" duration-ms="53" started-at="2019-01-11T21:46:43Z" finished-at="2019-01-11T21:46:43Z">
      <class name="testCases.ThirdDummyTest">
        <test-method status="PASS" signature="Login()[pri:0, instance:testCases.ThirdDummyTest@573f2bb1]" name="Login" duration-ms="9" started-at="2019-01-11T21:46:43Z" finished-at="2019-01-11T21:46:43Z">
          <reporter-output>
          </reporter-output>
        </test-method> <!-- Login -->
        <test-method status="PASS" signature="LoginAPICarLoan()[pri:0, instance:testCases.ThirdDummyTest@573f2bb1]" name="LoginAPICarLoan" duration-ms="3" started-at="2019-01-11T21:46:43Z" finished-at="2019-01-11T21:46:43Z">
          <reporter-output>
          </reporter-output>
        </test-method> <!-- LoginAPICarLoan -->
        <test-method status="PASS" signature="MobileLoginCarLoan()[pri:0, instance:testCases.ThirdDummyTest@573f2bb1]" name="MobileLoginCarLoan" duration-ms="6" started-at="2019-01-11T21:46:43Z" finished-at="2019-01-11T21:46:43Z">
          <reporter-output>
          </reporter-output>
        </test-method> <!-- MobileLoginCarLoan -->
        <test-method status="PASS" signature="WebLoginCarLone()[pri:0, instance:testCases.ThirdDummyTest@573f2bb1]" name="WebLoginCarLone" duration-ms="4" started-at="2019-01-11T21:46:43Z" finished-at="2019-01-11T21:46:43Z">
          <reporter-output>
          </reporter-output>
        </test-method> <!-- WebLoginCarLone -->
      </class> <!-- testCases.ThirdDummyTest -->
    </test> <!-- Default test -->
  </suite> <!-- Default suite -->
</testng-results>
