<?xml version="1.0" encoding="UTF-8"?>
<testng-results skipped="0" failed="0" ignored="3" total="9" passed="6">
  <reporter-output>
  </reporter-output>
  <suite name="Suite" duration-ms="100" started-at="2019-01-08T18:10:28Z" finished-at="2019-01-08T18:10:28Z">
    <groups>
    </groups>
    <test name="FirstTestModule" duration-ms="39" started-at="2019-01-08T18:10:28Z" finished-at="2019-01-08T18:10:28Z">
      <class name="testCases.FourthDummyTest">
        <test-method status="PASS" signature="LoginAPIHomeLoan()[pri:0, instance:testCases.FourthDummyTest@215be6bb]" name="LoginAPIHomeLoan" duration-ms="0" started-at="2019-01-08T18:10:28Z" finished-at="2019-01-08T18:10:28Z">
          <reporter-output>
          </reporter-output>
        </test-method> <!-- LoginAPIHomeLoan -->
      </class> <!-- testCases.FourthDummyTest -->
      <class name="testCases.firstTestCase">
        <test-method status="PASS" signature="Demo()[pri:0, instance:testCases.firstTestCase@50c87b21]" name="Demo" duration-ms="7" started-at="2019-01-08T18:10:28Z" finished-at="2019-01-08T18:10:28Z">
          <reporter-output>
          </reporter-output>
        </test-method> <!-- Demo -->
        <test-method status="PASS" signature="SecondTest()[pri:0, instance:testCases.firstTestCase@50c87b21]" name="SecondTest" duration-ms="1" started-at="2019-01-08T18:10:28Z" finished-at="2019-01-08T18:10:28Z">
          <reporter-output>
          </reporter-output>
        </test-method> <!-- SecondTest -->
      </class> <!-- testCases.firstTestCase -->
      <class name="testCases.SecondDummyTest">
        <test-method status="PASS" signature="testCase()[pri:0, instance:testCases.SecondDummyTest@32d992b2]" name="testCase" duration-ms="0" started-at="2019-01-08T18:10:28Z" finished-at="2019-01-08T18:10:28Z">
          <reporter-output>
          </reporter-output>
        </test-method> <!-- testCase -->
      </class> <!-- testCases.SecondDummyTest -->
    </test> <!-- FirstTestModule -->
    <test name="CarLoanModule" duration-ms="4" started-at="2019-01-08T18:10:28Z" finished-at="2019-01-08T18:10:28Z">
      <class name="testCases.ThirdDummyTest">
        <test-method status="PASS" signature="LoginAPICarLoan()[pri:0, instance:testCases.ThirdDummyTest@39aeed2f]" name="LoginAPICarLoan" duration-ms="0" started-at="2019-01-08T18:10:28Z" finished-at="2019-01-08T18:10:28Z">
          <reporter-output>
          </reporter-output>
        </test-method> <!-- LoginAPICarLoan -->
        <test-method status="PASS" signature="WebLoginCarLone()[pri:0, instance:testCases.ThirdDummyTest@39aeed2f]" name="WebLoginCarLone" duration-ms="1" started-at="2019-01-08T18:10:28Z" finished-at="2019-01-08T18:10:28Z">
          <reporter-output>
          </reporter-output>
        </test-method> <!-- WebLoginCarLone -->
      </class> <!-- testCases.ThirdDummyTest -->
    </test> <!-- CarLoanModule -->
  </suite> <!-- Suite -->
</testng-results>
