<?xml version="1.0" encoding="UTF-8"?>
<testng-results skipped="0" failed="0" ignored="0" total="3" passed="3">
  <reporter-output>
  </reporter-output>
  <suite name="Suite" duration-ms="42" started-at="2019-01-06T02:43:00Z" finished-at="2019-01-06T02:43:00Z">
    <groups>
    </groups>
    <test name="FirstTestModule" duration-ms="42" started-at="2019-01-06T02:43:00Z" finished-at="2019-01-06T02:43:00Z">
      <class name="testCases.firstTestCase">
        <test-method status="PASS" signature="Demo()[pri:0, instance:testCases.firstTestCase@5ae9a829]" name="Demo" duration-ms="11" started-at="2019-01-06T02:43:00Z" finished-at="2019-01-06T02:43:00Z">
          <reporter-output>
          </reporter-output>
        </test-method> <!-- Demo -->
        <test-method status="PASS" signature="SecondTest()[pri:0, instance:testCases.firstTestCase@5ae9a829]" name="SecondTest" duration-ms="1" started-at="2019-01-06T02:43:00Z" finished-at="2019-01-06T02:43:00Z">
          <reporter-output>
          </reporter-output>
        </test-method> <!-- SecondTest -->
      </class> <!-- testCases.firstTestCase -->
      <class name="testCases.SecondDummyTest">
        <test-method status="PASS" signature="testCase()[pri:0, instance:testCases.SecondDummyTest@7ac7a4e4]" name="testCase" duration-ms="1" started-at="2019-01-06T02:43:00Z" finished-at="2019-01-06T02:43:00Z">
          <reporter-output>
          </reporter-output>
        </test-method> <!-- testCase -->
      </class> <!-- testCases.SecondDummyTest -->
    </test> <!-- FirstTestModule -->
  </suite> <!-- Suite -->
</testng-results>
