<?xml version="1.0" encoding="UTF-8"?>
<testng-results skipped="0" failed="0" ignored="0" total="1" passed="1">
  <reporter-output>
  </reporter-output>
  <suite name="Default suite" duration-ms="31" started-at="2019-01-06T02:23:16Z" finished-at="2019-01-06T02:23:16Z">
    <groups>
    </groups>
    <test name="Default test" duration-ms="31" started-at="2019-01-06T02:23:16Z" finished-at="2019-01-06T02:23:16Z">
      <class name="testCases.firstTestCase">
        <test-method status="PASS" signature="Demo()[pri:0, instance:testCases.firstTestCase@573f2bb1]" name="Demo" duration-ms="9" started-at="2019-01-06T02:23:16Z" finished-at="2019-01-06T02:23:16Z">
          <reporter-output>
          </reporter-output>
        </test-method> <!-- Demo -->
      </class> <!-- testCases.firstTestCase -->
    </test> <!-- Default test -->
  </suite> <!-- Default suite -->
</testng-results>
