<?xml version="1.0" encoding="UTF-8"?>
<testng-results skipped="0" failed="0" ignored="1" total="6" passed="5">
  <reporter-output>
  </reporter-output>
  <suite name="Default suite" duration-ms="39" started-at="2019-01-09T18:11:44Z" finished-at="2019-01-09T18:11:44Z">
    <groups>
      <group name="Smoke">
        <method signature="FourthDummyTest.MobileLogoutHomeLoan()[pri:0, instance:testCases.FourthDummyTest@573f2bb1]" name="MobileLogoutHomeLoan" class="testCases.FourthDummyTest"/>
      </group> <!-- Smoke -->
    </groups>
    <test name="Default test" duration-ms="39" started-at="2019-01-09T18:11:44Z" finished-at="2019-01-09T18:11:44Z">
      <class name="testCases.FourthDummyTest">
        <test-method status="PASS" signature="MobileLoginHomeLoan()[pri:0, instance:testCases.FourthDummyTest@573f2bb1]" name="MobileLoginHomeLoan" duration-ms="7" started-at="2019-01-09T18:11:44Z" finished-at="2019-01-09T18:11:44Z">
          <reporter-output>
          </reporter-output>
        </test-method> <!-- MobileLoginHomeLoan -->
        <test-method status="PASS" signature="MobileLoginHomeLoan2()[pri:0, instance:testCases.FourthDummyTest@573f2bb1]" name="MobileLoginHomeLoan2" duration-ms="2" started-at="2019-01-09T18:11:44Z" finished-at="2019-01-09T18:11:44Z">
          <reporter-output>
          </reporter-output>
        </test-method> <!-- MobileLoginHomeLoan2 -->
        <test-method status="PASS" signature="MobileLogoutHomeLoan()[pri:0, instance:testCases.FourthDummyTest@573f2bb1]" name="MobileLogoutHomeLoan" duration-ms="2" started-at="2019-01-09T18:11:44Z" finished-at="2019-01-09T18:11:44Z">
          <reporter-output>
          </reporter-output>
        </test-method> <!-- MobileLogoutHomeLoan -->
        <test-method status="PASS" signature="MobileLogoutHomeLoan2()[pri:0, instance:testCases.FourthDummyTest@573f2bb1]" name="MobileLogoutHomeLoan2" duration-ms="1" started-at="2019-01-09T18:11:44Z" finished-at="2019-01-09T18:11:44Z">
          <reporter-output>
          </reporter-output>
        </test-method> <!-- MobileLogoutHomeLoan2 -->
        <test-method status="PASS" signature="WebLoginHomeLone()[pri:0, instance:testCases.FourthDummyTest@573f2bb1]" name="WebLoginHomeLone" duration-ms="2" started-at="2019-01-09T18:11:44Z" finished-at="2019-01-09T18:11:44Z">
          <reporter-output>
          </reporter-output>
        </test-method> <!-- WebLoginHomeLone -->
      </class> <!-- testCases.FourthDummyTest -->
    </test> <!-- Default test -->
  </suite> <!-- Default suite -->
</testng-results>
