<?xml version="1.0" encoding="UTF-8"?>
<testng-results skipped="0" failed="0" ignored="0" total="2" passed="2">
  <reporter-output>
  </reporter-output>
  <suite name="Default suite" duration-ms="37" started-at="2019-01-06T02:31:25Z" finished-at="2019-01-06T02:31:25Z">
    <groups>
    </groups>
    <test name="Default test" duration-ms="37" started-at="2019-01-06T02:31:25Z" finished-at="2019-01-06T02:31:25Z">
      <class name="testCases.firstTestCase">
        <test-method status="PASS" signature="Demo()[pri:0, instance:testCases.firstTestCase@573f2bb1]" name="Demo" duration-ms="10" started-at="2019-01-06T02:31:25Z" finished-at="2019-01-06T02:31:25Z">
          <reporter-output>
          </reporter-output>
        </test-method> <!-- Demo -->
        <test-method status="PASS" signature="SecondTest()[pri:0, instance:testCases.firstTestCase@573f2bb1]" name="SecondTest" duration-ms="2" started-at="2019-01-06T02:31:25Z" finished-at="2019-01-06T02:31:25Z">
          <reporter-output>
          </reporter-output>
        </test-method> <!-- SecondTest -->
      </class> <!-- testCases.firstTestCase -->
    </test> <!-- Default test -->
  </suite> <!-- Default suite -->
</testng-results>
